<!DOCTYPE html>
<html>
<head>
<meta http-equiv="Content-Type" content="text/html; charset=utf-8"/>
<meta http-equiv="x-ua-compatible" content="IE=edge"/>
<title>Test results - Class gov.nasa.jpf.test.java.lang.SystemTest</title>
<link href="../css/base-style.css" rel="stylesheet" type="text/css"/>
<link href="../css/style.css" rel="stylesheet" type="text/css"/>
<script src="../js/report.js" type="text/javascript"></script>
</head>
<body>
<div id="content">
<h1>Class gov.nasa.jpf.test.java.lang.SystemTest</h1>
<div class="breadcrumbs">
<a href="../index.html">all</a> &gt; 
<a href="../packages/gov.nasa.jpf.test.java.lang.html">gov.nasa.jpf.test.java.lang</a> &gt; SystemTest</div>
<div id="summary">
<table>
<tr>
<td>
<div class="summaryGroup">
<table>
<tr>
<td>
<div class="infoBox" id="tests">
<div class="counter">6</div>
<p>tests</p>
</div>
</td>
<td>
<div class="infoBox" id="failures">
<div class="counter">0</div>
<p>failures</p>
</div>
</td>
<td>
<div class="infoBox" id="ignored">
<div class="counter">0</div>
<p>ignored</p>
</div>
</td>
<td>
<div class="infoBox" id="duration">
<div class="counter">0.504s</div>
<p>duration</p>
</div>
</td>
</tr>
</table>
</div>
</td>
<td>
<div class="infoBox success" id="successRate">
<div class="percent">100%</div>
<p>successful</p>
</div>
</td>
</tr>
</table>
</div>
<div id="tabs">
<ul class="tabLinks">
<li>
<a href="#tab0">Tests</a>
</li>
<li>
<a href="#tab1">Standard output</a>
</li>
</ul>
<div id="tab0" class="tab">
<h2>Tests</h2>
<table>
<thead>
<tr>
<th>Test</th>
<th>Duration</th>
<th>Result</th>
</tr>
</thead>
<tr>
<td class="success">testExit</td>
<td class="success">0.070s</td>
<td class="success">passed</td>
</tr>
<tr>
<td class="success">testIncompatibleReferencesArrayCopy</td>
<td class="success">0.036s</td>
<td class="success">passed</td>
</tr>
<tr>
<td class="success">testOverlappingSelfArrayCopy</td>
<td class="success">0.261s</td>
<td class="success">passed</td>
</tr>
<tr>
<td class="success">testRestoredArrayCopy</td>
<td class="success">0.045s</td>
<td class="success">passed</td>
</tr>
<tr>
<td class="success">testSelfArrayCopy</td>
<td class="success">0.045s</td>
<td class="success">passed</td>
</tr>
<tr>
<td class="success">testSimpleArrayCopy</td>
<td class="success">0.047s</td>
<td class="success">passed</td>
</tr>
</table>
</div>
<div id="tab1" class="tab">
<h2>Standard output</h2>
<span class="code">
<pre>  running jpf with args:
JavaPathfinder core system v8.0 (rev 28c066f86c2cd268b8c9b9959161e3d07c6146c6) - (C) 2005-2014 United States Government. All rights reserved.


====================================================== system under test
gov.nasa.jpf.test.java.lang.SystemTest.runTestMethod()

====================================================== search started: 23/10/18 19:36

====================================================== results
no errors detected

====================================================== search finished: 23/10/18 19:36
  running jpf with args:
JavaPathfinder core system v8.0 (rev 28c066f86c2cd268b8c9b9959161e3d07c6146c6) - (C) 2005-2014 United States Government. All rights reserved.


====================================================== system under test
gov.nasa.jpf.test.java.lang.SystemTest.runTestMethod()

====================================================== search started: 23/10/18 19:36
calling System.exit(0)
calling System.exit(0)
calling System.exit(0)
calling System.exit(0)
calling System.exit(0)
calling System.exit(0)

====================================================== results
no errors detected

====================================================== search finished: 23/10/18 19:36
  running jpf with args:
JavaPathfinder core system v8.0 (rev 28c066f86c2cd268b8c9b9959161e3d07c6146c6) - (C) 2005-2014 United States Government. All rights reserved.


====================================================== system under test
gov.nasa.jpf.test.java.lang.SystemTest.runTestMethod()

====================================================== search started: 23/10/18 19:36

====================================================== results
no errors detected

====================================================== search finished: 23/10/18 19:36
  running jpf with args:
JavaPathfinder core system v8.0 (rev 28c066f86c2cd268b8c9b9959161e3d07c6146c6) - (C) 2005-2014 United States Government. All rights reserved.


====================================================== system under test
gov.nasa.jpf.test.java.lang.SystemTest.runTestMethod()

====================================================== search started: 23/10/18 19:36

====================================================== results
no errors detected

====================================================== search finished: 23/10/18 19:36
  running jpf with args:
JavaPathfinder core system v8.0 (rev 28c066f86c2cd268b8c9b9959161e3d07c6146c6) - (C) 2005-2014 United States Government. All rights reserved.


====================================================== system under test
gov.nasa.jpf.test.java.lang.SystemTest.runTestMethod()

====================================================== search started: 23/10/18 19:36
processing choice: 0
copying array
processing choice: 1
checking if non-copied dst[0] is still null

====================================================== results
no errors detected

====================================================== search finished: 23/10/18 19:36
  running jpf with args:
JavaPathfinder core system v8.0 (rev 28c066f86c2cd268b8c9b9959161e3d07c6146c6) - (C) 2005-2014 United States Government. All rights reserved.


====================================================== system under test
gov.nasa.jpf.test.java.lang.SystemTest.runTestMethod()

====================================================== search started: 23/10/18 19:36

====================================================== error 1
gov.nasa.jpf.vm.NoUncaughtExceptionsProperty
java.lang.ArrayStoreException: incompatible reference array element type (required java.lang.String, found java.lang.Integer
	at java.lang.System.arraycopy(gov.nasa.jpf.vm.JPF_java_lang_System)
	at gov.nasa.jpf.test.java.lang.SystemTest.testIncompatibleReferencesArrayCopy(SystemTest.java:130)
	at java.lang.reflect.Method.invoke(gov.nasa.jpf.vm.JPF_java_lang_reflect_Method)
	at gov.nasa.jpf.util.test.TestJPF.runTestMethod(TestJPF.java:648)


====================================================== snapshot #1
thread java.lang.Thread:{id:0,name:main,status:RUNNING,priority:5,isDaemon:false,lockCount:0,suspendCount:0}
  call stack:
	at gov.nasa.jpf.util.test.TestJPF.runTestMethod(TestJPF.java:650)


====================================================== results
error #1: gov.nasa.jpf.vm.NoUncaughtExceptionsProperty &quot;java.lang.ArrayStoreException: incompatible refere...&quot;

====================================================== search finished: 23/10/18 19:36
</pre>
</span>
</div>
</div>
<div id="footer">
<p>
<div>
<label class="hidden" id="label-for-line-wrapping-toggle" for="line-wrapping-toggle">Wrap lines
<input id="line-wrapping-toggle" type="checkbox" autocomplete="off"/>
</label>
</div>Generated by 
<a href="http://www.gradle.org">Gradle 4.8</a> at 23-Oct-2018 19:37:05</p>
</div>
</div>
</body>
</html>
