<?xml version="1.0" encoding="UTF-8"?>
<testsuite name="gov.nasa.jpf.test.mc.threads.HORaceTest" tests="1" skipped="0" failures="0" errors="0" timestamp="2018-10-23T18:35:40" hostname="boombox" time="0.323">
  <properties/>
  <testcase name="testHighOrderRace" classname="gov.nasa.jpf.test.mc.threads.HORaceTest" time="0.323"/>
  <system-out><![CDATA[  running jpf with args:
JavaPathfinder core system v8.0 (rev 28c066f86c2cd268b8c9b9959161e3d07c6146c6) - (C) 2005-2014 United States Government. All rights reserved.


====================================================== system under test
gov.nasa.jpf.test.mc.threads.HORaceTest.runTestMethod()

====================================================== search started: 23/10/18 19:35
d2 = 42,42
d2 = 42,42
d2 = 42,41

====================================================== error 1
gov.nasa.jpf.vm.NoUncaughtExceptionsProperty
java.lang.AssertionError: inconsistent d2
	at gov.nasa.jpf.test.mc.threads.HORaceTest.testHighOrderRace(HORaceTest.java:99)
	at java.lang.reflect.Method.invoke(gov.nasa.jpf.vm.JPF_java_lang_reflect_Method)
	at gov.nasa.jpf.util.test.TestJPF.runTestMethod(TestJPF.java:648)


====================================================== snapshot #1
thread java.lang.Thread:{id:0,name:main,status:RUNNING,priority:5,isDaemon:false,lockCount:0,suspendCount:0}
  call stack:
	at gov.nasa.jpf.util.test.TestJPF.runTestMethod(TestJPF.java:650)


====================================================== results
error #1: gov.nasa.jpf.vm.NoUncaughtExceptionsProperty "java.lang.AssertionError: inconsistent d2  at gov...."

====================================================== search finished: 23/10/18 19:35
]]></system-out>
  <system-err><![CDATA[]]></system-err>
</testsuite>
