<?xml version="1.0" encoding="UTF-8"?>
<testsuite name="gov.nasa.jpf.test.mc.basic.SharedRefTest" tests="4" skipped="0" failures="0" errors="0" timestamp="2018-10-23T18:35:09" hostname="boombox" time="0.52">
  <properties/>
  <testcase name="testSharedStaticRoot" classname="gov.nasa.jpf.test.mc.basic.SharedRefTest" time="0.265"/>
  <testcase name="testNonShared" classname="gov.nasa.jpf.test.mc.basic.SharedRefTest" time="0.154"/>
  <testcase name="testShareControl" classname="gov.nasa.jpf.test.mc.basic.SharedRefTest" time="0.053"/>
  <testcase name="testShared" classname="gov.nasa.jpf.test.mc.basic.SharedRefTest" time="0.048"/>
  <system-out><![CDATA[  running jpf with args:
JavaPathfinder core system v8.0 (rev 28c066f86c2cd268b8c9b9959161e3d07c6146c6) - (C) 2005-2014 United States Government. All rights reserved.


====================================================== system under test
gov.nasa.jpf.test.mc.basic.SharedRefTest.runTestMethod()

====================================================== search started: 23/10/18 19:35

====================================================== error 1
gov.nasa.jpf.vm.NoUncaughtExceptionsProperty
java.lang.AssertionError: Argh, data race for o
	at gov.nasa.jpf.test.mc.basic.SharedRefTest.run(SharedRefTest.java:53)


====================================================== snapshot #1
thread java.lang.Thread:{id:1,name:Thread-1,status:RUNNING,priority:5,isDaemon:false,lockCount:0,suspendCount:0}
  call stack:
	at gov.nasa.jpf.test.mc.basic.SharedRefTest.run(SharedRefTest.java:53)


====================================================== results
error #1: gov.nasa.jpf.vm.NoUncaughtExceptionsProperty "java.lang.AssertionError: Argh, data race for o  a..."

====================================================== search finished: 23/10/18 19:35
  running jpf with args:
JavaPathfinder core system v8.0 (rev 28c066f86c2cd268b8c9b9959161e3d07c6146c6) - (C) 2005-2014 United States Government. All rights reserved.


====================================================== system under test
gov.nasa.jpf.test.mc.basic.SharedRefTest.runTestMethod()

====================================================== search started: 23/10/18 19:35

====================================================== results
no errors detected

====================================================== search finished: 23/10/18 19:35
  running jpf with args:
JavaPathfinder core system v8.0 (rev 28c066f86c2cd268b8c9b9959161e3d07c6146c6) - (C) 2005-2014 United States Government. All rights reserved.


====================================================== system under test
gov.nasa.jpf.test.mc.basic.SharedRefTest.runTestMethod()

====================================================== search started: 23/10/18 19:35
M inc
M dec
T inc
T dec
T inc
T dec
M inc
M dec

====================================================== results
no errors detected

====================================================== search finished: 23/10/18 19:35
  running jpf with args:
JavaPathfinder core system v8.0 (rev 28c066f86c2cd268b8c9b9959161e3d07c6146c6) - (C) 2005-2014 United States Government. All rights reserved.


====================================================== system under test
gov.nasa.jpf.test.mc.basic.SharedRefTest.runTestMethod()

====================================================== search started: 23/10/18 19:35

====================================================== error 1
gov.nasa.jpf.vm.NoUncaughtExceptionsProperty
java.lang.AssertionError: Argh, data race for o
	at gov.nasa.jpf.test.mc.basic.SharedRefTest.run(SharedRefTest.java:53)


====================================================== snapshot #1
thread java.lang.Thread:{id:1,name:Thread-1,status:RUNNING,priority:5,isDaemon:false,lockCount:0,suspendCount:0}
  call stack:
	at gov.nasa.jpf.test.mc.basic.SharedRefTest.run(SharedRefTest.java:53)

thread java.lang.Thread:{id:2,name:Thread-2,status:RUNNING,priority:5,isDaemon:false,lockCount:0,suspendCount:0}
  call stack:
	at gov.nasa.jpf.test.mc.basic.SharedRefTest.run(SharedRefTest.java:53)


====================================================== results
error #1: gov.nasa.jpf.vm.NoUncaughtExceptionsProperty "java.lang.AssertionError: Argh, data race for o  a..."

====================================================== search finished: 23/10/18 19:35
]]></system-out>
  <system-err><![CDATA[]]></system-err>
</testsuite>
